<?xml version="1.0" encoding="UTF-8"?>
<!-- Generated by org.testng.reporters.JUnitXMLReporter -->
<testsuite ignored="4" hostname="DESKTOP-QF373GC" failures="0" tests="3" name="ChromeTest" time="13.372" errors="0" timestamp="2021-04-13T20:12:05 COT">
  <testcase classname="testsOrangeHRMLive.loginPageTest" name="loginValidatingSite" time="0.021"/>
  <testcase classname="testsOrangeHRMLive.loginPageTest" name="loginTest" time="4.114"/>
  <testcase classname="testsOrangeHRMLive.homePageTest" name="homeValidatingLogin" time="0.049"/>
  <testcase classname="resources.baseT" name="@BeforeTest initBrowser" time="0.0">
    <ignored/>
  </testcase> <!-- @BeforeTest initBrowser -->
  <testcase classname="resources.baseT" name="@BeforeTest initBrowser" time="0.0">
    <ignored/>
  </testcase> <!-- @BeforeTest initBrowser -->
  <testcase classname="resources.baseT" name="@AfterSuite closingBrowser" time="0.0">
    <ignored/>
  </testcase> <!-- @AfterSuite closingBrowser -->
  <testcase classname="resources.baseT" name="@AfterSuite closingBrowser" time="0.0">
    <ignored/>
  </testcase> <!-- @AfterSuite closingBrowser -->
</testsuite> <!-- ChromeTest -->
