<?xml version="1.0" encoding="UTF-8"?>
<!-- Generated by org.testng.reporters.JUnitXMLReporter -->
<testsuite ignored="4" hostname="DESKTOP-QF373GC" failures="0" tests="3" name="ChromeTest" time="10.773" errors="0" timestamp="2021-04-13T22:38:40 COT">
  <testcase classname="testsOrangeHRMLive.loginPageTest" name="loginValidatingSite" time="0.013"/>
  <testcase classname="testsOrangeHRMLive.loginPageTest" name="loginTest" time="2.77"/>
  <testcase classname="testsOrangeHRMLive.homePageTest" name="homeValidatingLogin" time="0.031"/>
  <testcase classname="resources.baseT" name="@BeforeTest initBrowser" time="0.0">
    <ignored/>
  </testcase> <!-- @BeforeTest initBrowser -->
  <testcase classname="resources.baseT" name="@BeforeTest initBrowser" time="0.0">
    <ignored/>
  </testcase> <!-- @BeforeTest initBrowser -->
  <testcase classname="resources.baseT" name="@AfterSuite closingBrowser" time="0.0">
    <ignored/>
  </testcase> <!-- @AfterSuite closingBrowser -->
  <testcase classname="resources.baseT" name="@AfterSuite closingBrowser" time="0.0">
    <ignored/>
  </testcase> <!-- @AfterSuite closingBrowser -->
</testsuite> <!-- ChromeTest -->
