<?xml version="1.0" encoding="UTF-8"?>
<!-- Generated by org.testng.reporters.JUnitXMLReporter -->
<testsuite ignored="4" hostname="DESKTOP-QF373GC" failures="0" tests="3" name="ChromeTest" time="8.972" errors="0" timestamp="2021-04-05T09:14:06 COT">
  <testcase classname="testsOrangeHRMLive.loginPageTest" name="loginValidatingSite" time="0.009"/>
  <testcase classname="testsOrangeHRMLive.loginPageTest" name="loginTest" time="2.462"/>
  <testcase classname="testsOrangeHRMLive.homePageTest" name="homeValidatingLogin" time="0.037"/>
  <testcase classname="orangeHRMLive.baseT" name="@AfterSuite closingBrowser" time="0.0">
    <ignored/>
  </testcase> <!-- @AfterSuite closingBrowser -->
  <testcase classname="orangeHRMLive.baseT" name="@AfterSuite closingBrowser" time="0.0">
    <ignored/>
  </testcase> <!-- @AfterSuite closingBrowser -->
  <testcase classname="orangeHRMLive.baseT" name="@BeforeTest initBrowser" time="0.0">
    <ignored/>
  </testcase> <!-- @BeforeTest initBrowser -->
  <testcase classname="orangeHRMLive.baseT" name="@BeforeTest initBrowser" time="0.0">
    <ignored/>
  </testcase> <!-- @BeforeTest initBrowser -->
</testsuite> <!-- ChromeTest -->
