<?xml version="1.0" encoding="UTF-8"?>
<testng-results ignored="4" total="7" passed="3" failed="0" skipped="0">
  <reporter-output>
  </reporter-output>
  <suite started-at="2021-04-05T09:13:57 COT" name="Suite" finished-at="2021-04-05T09:14:06 COT" duration-ms="8972">
    <groups>
    </groups>
    <test started-at="2021-04-05T09:13:57 COT" name="ChromeTest" finished-at="2021-04-05T09:14:06 COT" duration-ms="8972">
      <class name="orangeHRMLive.baseT">
        <test-method is-config="true" signature="initBrowser(java.lang.String)[pri:0, instance:orangeHRMLive.baseT@548a102f]" started-at="2021-04-05T09:13:57 COT" name="initBrowser" finished-at="2021-04-05T09:14:04 COT" duration-ms="6364" status="PASS">
          <params>
            <param index="0">
              <value>
                <![CDATA[Chrome]]>
              </value>
            </param>
          </params>
          <reporter-output>
          </reporter-output>
        </test-method> <!-- initBrowser -->
        <test-method is-config="true" signature="closingBrowser()[pri:0, instance:orangeHRMLive.baseT@548a102f]" started-at="2021-04-05T09:14:06 COT" name="closingBrowser" finished-at="2021-04-05T09:14:06 COT" duration-ms="1" status="PASS">
          <reporter-output>
          </reporter-output>
        </test-method> <!-- closingBrowser -->
      </class> <!-- orangeHRMLive.baseT -->
      <class name="testsOrangeHRMLive.homePageTest">
        <test-method signature="homeValidatingLogin()[pri:0, instance:testsOrangeHRMLive.homePageTest@17c1bced]" started-at="2021-04-05T09:14:06 COT" name="homeValidatingLogin" finished-at="2021-04-05T09:14:06 COT" duration-ms="37" status="PASS">
          <reporter-output>
          </reporter-output>
        </test-method> <!-- homeValidatingLogin -->
      </class> <!-- testsOrangeHRMLive.homePageTest -->
      <class name="testsOrangeHRMLive.loginPageTest">
        <test-method is-config="true" signature="logInPageObject()[pri:0, instance:testsOrangeHRMLive.loginPageTest@2aece37d]" started-at="2021-04-05T09:14:04 COT" name="logInPageObject" finished-at="2021-04-05T09:14:04 COT" depends-on-methods="orangeHRMLive.baseT.initBrowser" duration-ms="28" status="PASS">
          <reporter-output>
          </reporter-output>
        </test-method> <!-- logInPageObject -->
        <test-method signature="loginValidatingSite()[pri:0, instance:testsOrangeHRMLive.loginPageTest@2aece37d]" started-at="2021-04-05T09:14:04 COT" name="loginValidatingSite" finished-at="2021-04-05T09:14:04 COT" duration-ms="9" status="PASS">
          <reporter-output>
          </reporter-output>
        </test-method> <!-- loginValidatingSite -->
        <test-method signature="loginTest(java.lang.String, java.lang.String)[pri:0, instance:testsOrangeHRMLive.loginPageTest@2aece37d]" started-at="2021-04-05T09:14:04 COT" name="loginTest" data-provider="getData" finished-at="2021-04-05T09:14:06 COT" depends-on-methods="testsOrangeHRMLive.loginPageTest.loginValidatingSite" duration-ms="2462" status="PASS">
          <params>
            <param index="0">
              <value>
                <![CDATA[Admin]]>
              </value>
            </param>
            <param index="1">
              <value>
                <![CDATA[admin123]]>
              </value>
            </param>
          </params>
          <reporter-output>
          </reporter-output>
        </test-method> <!-- loginTest -->
      </class> <!-- testsOrangeHRMLive.loginPageTest -->
    </test> <!-- ChromeTest -->
  </suite> <!-- Suite -->
</testng-results>
