<?xml version="1.0" encoding="UTF-8"?>
<testng-results ignored="4" total="7" passed="3" failed="0" skipped="0">
  <reporter-output>
  </reporter-output>
  <suite started-at="2021-04-13T22:20:12 COT" name="Suite" finished-at="2021-04-13T22:20:24 COT" duration-ms="11927">
    <groups>
    </groups>
    <test started-at="2021-04-13T22:20:12 COT" name="ChromeTest" finished-at="2021-04-13T22:20:24 COT" duration-ms="11927">
      <class name="resources.baseT">
        <test-method is-config="true" signature="initBrowser()[pri:0, instance:resources.baseT@619713e5]" started-at="2021-04-13T22:20:12 COT" name="initBrowser" finished-at="2021-04-13T22:20:20 COT" duration-ms="8115" status="PASS">
          <reporter-output>
          </reporter-output>
        </test-method> <!-- initBrowser -->
        <test-method is-config="true" signature="closingBrowser()[pri:0, instance:resources.baseT@619713e5]" started-at="2021-04-13T22:20:24 COT" name="closingBrowser" finished-at="2021-04-13T22:20:24 COT" duration-ms="0" status="PASS">
          <reporter-output>
          </reporter-output>
        </test-method> <!-- closingBrowser -->
      </class> <!-- resources.baseT -->
      <class name="testsOrangeHRMLive.homePageTest">
        <test-method signature="homeValidatingLogin()[pri:0, instance:testsOrangeHRMLive.homePageTest@6a192cfe]" started-at="2021-04-13T22:20:24 COT" name="homeValidatingLogin" finished-at="2021-04-13T22:20:24 COT" duration-ms="34" status="PASS">
          <reporter-output>
          </reporter-output>
        </test-method> <!-- homeValidatingLogin -->
      </class> <!-- testsOrangeHRMLive.homePageTest -->
      <class name="testsOrangeHRMLive.loginPageTest">
        <test-method is-config="true" signature="logInPageObject()[pri:0, instance:testsOrangeHRMLive.loginPageTest@2c767a52]" started-at="2021-04-13T22:20:20 COT" name="logInPageObject" finished-at="2021-04-13T22:20:20 COT" depends-on-methods="resources.baseT.initBrowser" duration-ms="21" status="PASS">
          <reporter-output>
          </reporter-output>
        </test-method> <!-- logInPageObject -->
        <test-method signature="loginValidatingSite()[pri:0, instance:testsOrangeHRMLive.loginPageTest@2c767a52]" started-at="2021-04-13T22:20:20 COT" name="loginValidatingSite" finished-at="2021-04-13T22:20:20 COT" duration-ms="12" status="PASS">
          <reporter-output>
          </reporter-output>
        </test-method> <!-- loginValidatingSite -->
        <test-method signature="loginTest()[pri:0, instance:testsOrangeHRMLive.loginPageTest@2c767a52]" started-at="2021-04-13T22:20:20 COT" name="loginTest" finished-at="2021-04-13T22:20:24 COT" depends-on-methods="testsOrangeHRMLive.loginPageTest.loginValidatingSite" duration-ms="3713" status="PASS">
          <reporter-output>
          </reporter-output>
        </test-method> <!-- loginTest -->
      </class> <!-- testsOrangeHRMLive.loginPageTest -->
    </test> <!-- ChromeTest -->
  </suite> <!-- Suite -->
</testng-results>
